{"/home/stercoris/github/tpcol-api/src/tpcol/page.ts": {"path":"/home/stercoris/github/tpcol-api/src/tpcol/page.ts","statementMap":{"0":{"start":{"line":1,"column":0},"end":{"line":1,"column":31}},"1":{"start":{"line":2,"column":0},"end":{"line":2,"column":30}},"2":{"start":{"line":17,"column":8},"end":{"line":21,"column":11}},"3":{"start":{"line":18,"column":25},"end":{"line":18,"column":178}},"4":{"start":{"line":19,"column":26},"end":{"line":19,"column":58}},"5":{"start":{"line":20,"column":12},"end":{"line":20,"column":27}},"6":{"start":{"line":34,"column":8},"end":{"line":44,"column":11}},"7":{"start":{"line":35,"column":29},"end":{"line":39,"column":14}},"8":{"start":{"line":40,"column":33},"end":{"line":40,"column":44}},"9":{"start":{"line":41,"column":42},"end":{"line":41,"column":70}},"10":{"start":{"line":42,"column":34},"end":{"line":42,"column":105}},"11":{"start":{"line":43,"column":12},"end":{"line":43,"column":25}},"12":{"start":{"line":57,"column":8},"end":{"line":71,"column":11}},"13":{"start":{"line":58,"column":42},"end":{"line":58,"column":44}},"14":{"start":{"line":59,"column":26},"end":{"line":64,"column":null}},"15":{"start":{"line":67,"column":12},"end":{"line":69,"column":null}},"16":{"start":{"line":68,"column":16},"end":{"line":68,"column":45}},"17":{"start":{"line":70,"column":12},"end":{"line":70,"column":33}},"18":{"start":{"line":4,"column":0},"end":{"line":4,"column":21}},"19":{"start":{"line":75,"column":0},"end":{"line":75,"column":null}},"20":{"start":{"line":77,"column":4},"end":{"line":77,"column":null}},"21":{"start":{"line":79,"column":4},"end":{"line":79,"column":null}},"22":{"start":{"line":81,"column":4},"end":{"line":81,"column":null}}},"fnMap":{"0":{"name":"(anonymous_1)","decl":{"start":{"line":12,"column":11},"end":{"line":12,"column":17}},"loc":{"start":{"line":15,"column":24},"end":{"line":22,"column":5}}},"1":{"name":"(anonymous_2)","decl":{"start":{"line":17,"column":37},"end":{"line":17,"column":42}},"loc":{"start":{"line":17,"column":55},"end":{"line":21,"column":9}}},"2":{"name":"(anonymous_3)","decl":{"start":{"line":30,"column":11},"end":{"line":30,"column":17}},"loc":{"start":{"line":32,"column":53},"end":{"line":45,"column":5}}},"3":{"name":"(anonymous_4)","decl":{"start":{"line":34,"column":37},"end":{"line":34,"column":42}},"loc":{"start":{"line":34,"column":55},"end":{"line":44,"column":9}}},"4":{"name":"(anonymous_5)","decl":{"start":{"line":53,"column":11},"end":{"line":53,"column":17}},"loc":{"start":{"line":55,"column":21},"end":{"line":72,"column":5}}},"5":{"name":"(anonymous_6)","decl":{"start":{"line":57,"column":37},"end":{"line":57,"column":42}},"loc":{"start":{"line":57,"column":55},"end":{"line":71,"column":9}}},"6":{"name":"(anonymous_7)","decl":{"start":{"line":75,"column":0},"end":{"line":75,"column":12}},"loc":{"start":{"line":75,"column":20},"end":{"line":82,"column":1}}}},"branchMap":{"0":{"loc":{"start":{"line":32,"column":32},"end":{"line":32,"column":53}},"type":"default-arg","locations":[{"start":{"line":32,"column":32},"end":{"line":32,"column":53}}]},"1":{"loc":{"start":{"line":75,"column":12},"end":{"line":75,"column":20}},"type":"binary-expr","locations":[{"start":{"line":75,"column":12},"end":{"line":75,"column":20}},{"start":{"line":75,"column":12},"end":{"line":75,"column":null}}]}},"s":{"0":1,"1":1,"2":0,"3":0,"4":0,"5":0,"6":4,"7":4,"8":4,"9":4,"10":4,"11":4,"12":8,"13":8,"14":8,"15":8,"16":20,"17":8,"18":1,"19":1,"20":1,"21":1,"22":1},"f":{"0":0,"1":0,"2":4,"3":4,"4":8,"5":8,"6":1},"b":{"0":[0],"1":[1,1]}}
,"/home/stercoris/github/tpcol-api/src/tpcol/weekcolor.ts": {"path":"/home/stercoris/github/tpcol-api/src/tpcol/weekcolor.ts","statementMap":{"0":{"start":{"line":1,"column":0},"end":{"line":1,"column":26}},"1":{"start":{"line":3,"column":0},"end":{"line":3,"column":null}},"2":{"start":{"line":4,"column":4},"end":{"line":4,"column":null}},"3":{"start":{"line":5,"column":4},"end":{"line":5,"column":null}},"4":{"start":{"line":29,"column":9},"end":{"line":29,"column":19}},"5":{"start":{"line":16,"column":8},"end":{"line":24,"column":11}},"6":{"start":{"line":17,"column":26},"end":{"line":17,"column":136}},"7":{"start":{"line":18,"column":31},"end":{"line":18,"column":70}},"8":{"start":{"line":19,"column":12},"end":{"line":23,"column":null}},"9":{"start":{"line":20,"column":16},"end":{"line":20,"column":40}},"10":{"start":{"line":22,"column":16},"end":{"line":22,"column":42}},"11":{"start":{"line":28,"column":0},"end":{"line":28,"column":25}}},"fnMap":{"0":{"name":"(anonymous_1)","decl":{"start":{"line":3,"column":0},"end":{"line":3,"column":5}},"loc":{"start":{"line":3,"column":15},"end":{"line":6,"column":1}}},"1":{"name":"(anonymous_2)","decl":{"start":{"line":15,"column":11},"end":{"line":15,"column":17}},"loc":{"start":{"line":15,"column":53},"end":{"line":25,"column":5}}},"2":{"name":"(anonymous_3)","decl":{"start":{"line":16,"column":39},"end":{"line":16,"column":44}},"loc":{"start":{"line":16,"column":57},"end":{"line":24,"column":9}}}},"branchMap":{"0":{"loc":{"start":{"line":3,"column":5},"end":{"line":3,"column":15}},"type":"binary-expr","locations":[{"start":{"line":3,"column":5},"end":{"line":3,"column":15}},{"start":{"line":3,"column":5},"end":{"line":3,"column":null}}]},"1":{"loc":{"start":{"line":19,"column":12},"end":{"line":23,"column":null}},"type":"if","locations":[{"start":{"line":19,"column":12},"end":{"line":23,"column":null}},{"start":{"line":19,"column":12},"end":{"line":23,"column":null}}]}},"s":{"0":1,"1":1,"2":1,"3":1,"4":1,"5":4,"6":4,"7":4,"8":4,"9":4,"10":0,"11":1},"f":{"0":1,"1":4,"2":4},"b":{"0":[1,1],"1":[4,0]}}
,"/home/stercoris/github/tpcol-api/src/tpcol/schedule_student/schedule_page.ts": {"path":"/home/stercoris/github/tpcol-api/src/tpcol/schedule_student/schedule_page.ts","statementMap":{"0":{"start":{"line":1,"column":0},"end":{"line":1,"column":41}},"1":{"start":{"line":2,"column":0},"end":{"line":2,"column":53}},"2":{"start":{"line":17,"column":8},"end":{"line":17,"column":16}},"3":{"start":{"line":6,"column":11},"end":{"line":6,"column":38}},"4":{"start":{"line":8,"column":11},"end":{"line":8,"column":41}},"5":{"start":{"line":10,"column":11},"end":{"line":10,"column":31}},"6":{"start":{"line":18,"column":8},"end":{"line":26,"column":11}},"7":{"start":{"line":19,"column":12},"end":{"line":25,"column":14}},"8":{"start":{"line":21,"column":20},"end":{"line":21,"column":44}},"9":{"start":{"line":22,"column":20},"end":{"line":22,"column":75}},"10":{"start":{"line":23,"column":20},"end":{"line":23,"column":30}},"11":{"start":{"line":30,"column":30},"end":{"line":32,"column":null}},"12":{"start":{"line":34,"column":8},"end":{"line":40,"column":11}},"13":{"start":{"line":35,"column":12},"end":{"line":39,"column":null}},"14":{"start":{"line":36,"column":16},"end":{"line":36,"column":84}},"15":{"start":{"line":36,"column":51},"end":{"line":36,"column":84}},"16":{"start":{"line":37,"column":16},"end":{"line":37,"column":86}},"17":{"start":{"line":37,"column":50},"end":{"line":37,"column":86}},"18":{"start":{"line":38,"column":16},"end":{"line":38,"column":87}},"19":{"start":{"line":38,"column":51},"end":{"line":38,"column":87}},"20":{"start":{"line":46,"column":8},"end":{"line":53,"column":11}},"21":{"start":{"line":47,"column":25},"end":{"line":50,"column":null}},"22":{"start":{"line":52,"column":12},"end":{"line":52,"column":26}},"23":{"start":{"line":57,"column":0},"end":{"line":57,"column":28}}},"fnMap":{"0":{"name":"(anonymous_7)","decl":{"start":{"line":16,"column":4},"end":{"line":16,"column":16}},"loc":{"start":{"line":16,"column":40},"end":{"line":27,"column":5}}},"1":{"name":"(anonymous_8)","decl":{"start":{"line":18,"column":33},"end":{"line":18,"column":34}},"loc":{"start":{"line":18,"column":45},"end":{"line":26,"column":9}}},"2":{"name":"(anonymous_9)","decl":{"start":{"line":20,"column":16},"end":{"line":20,"column":21}},"loc":{"start":{"line":20,"column":31},"end":{"line":24,"column":17}}},"3":{"name":"(anonymous_10)","decl":{"start":{"line":29,"column":12},"end":{"line":29,"column":17}},"loc":{"start":{"line":29,"column":45},"end":{"line":41,"column":5}}},"4":{"name":"(anonymous_11)","decl":{"start":{"line":34,"column":30},"end":{"line":34,"column":31}},"loc":{"start":{"line":34,"column":41},"end":{"line":40,"column":9}}},"5":{"name":"(anonymous_12)","decl":{"start":{"line":43,"column":12},"end":{"line":43,"column":18}},"loc":{"start":{"line":44,"column":32},"end":{"line":54,"column":5}}},"6":{"name":"(anonymous_13)","decl":{"start":{"line":46,"column":37},"end":{"line":46,"column":42}},"loc":{"start":{"line":46,"column":55},"end":{"line":53,"column":9}}}},"branchMap":{"0":{"loc":{"start":{"line":35,"column":12},"end":{"line":39,"column":null}},"type":"if","locations":[{"start":{"line":35,"column":12},"end":{"line":39,"column":null}},{"start":{"line":35,"column":12},"end":{"line":39,"column":null}}]},"1":{"loc":{"start":{"line":36,"column":16},"end":{"line":36,"column":84}},"type":"if","locations":[{"start":{"line":36,"column":16},"end":{"line":36,"column":84}},{"start":{"line":36,"column":16},"end":{"line":36,"column":84}}]},"2":{"loc":{"start":{"line":37,"column":16},"end":{"line":37,"column":86}},"type":"if","locations":[{"start":{"line":37,"column":16},"end":{"line":37,"column":86}},{"start":{"line":37,"column":16},"end":{"line":37,"column":86}}]},"3":{"loc":{"start":{"line":38,"column":16},"end":{"line":38,"column":87}},"type":"if","locations":[{"start":{"line":38,"column":16},"end":{"line":38,"column":87}},{"start":{"line":38,"column":16},"end":{"line":38,"column":87}}]}},"s":{"0":1,"1":1,"2":4,"3":4,"4":4,"5":4,"6":4,"7":4,"8":4,"9":4,"10":4,"11":4,"12":4,"13":16,"14":8,"15":4,"16":8,"17":4,"18":8,"19":8,"20":4,"21":4,"22":4,"23":1},"f":{"0":4,"1":4,"2":4,"3":4,"4":16,"5":4,"6":4},"b":{"0":[8,8],"1":[4,4],"2":[4,4],"3":[8,0]}}
}
