TN:
SF:src/tpcol/page.ts
FN:12,(anonymous_1)
FN:17,(anonymous_2)
FN:30,(anonymous_3)
FN:34,(anonymous_4)
FN:53,(anonymous_5)
FN:57,(anonymous_6)
FN:75,(anonymous_7)
FNF:7
FNH:5
FNDA:0,(anonymous_1)
FNDA:0,(anonymous_2)
FNDA:4,(anonymous_3)
FNDA:4,(anonymous_4)
FNDA:8,(anonymous_5)
FNDA:8,(anonymous_6)
FNDA:1,(anonymous_7)
DA:1,1
DA:2,1
DA:4,1
DA:17,0
DA:18,0
DA:19,0
DA:20,0
DA:34,4
DA:35,4
DA:40,4
DA:41,4
DA:42,4
DA:43,4
DA:57,8
DA:58,8
DA:59,8
DA:67,8
DA:68,20
DA:70,8
DA:75,1
DA:77,1
DA:79,1
DA:81,1
LF:23
LH:19
BRDA:32,0,0,0
BRDA:75,1,0,1
BRDA:75,1,1,1
BRF:3
BRH:2
end_of_record
TN:
SF:src/tpcol/weekcolor.ts
FN:3,(anonymous_1)
FN:15,(anonymous_2)
FN:16,(anonymous_3)
FNF:3
FNH:3
FNDA:1,(anonymous_1)
FNDA:4,(anonymous_2)
FNDA:4,(anonymous_3)
DA:1,1
DA:3,1
DA:4,1
DA:5,1
DA:16,4
DA:17,4
DA:18,4
DA:19,4
DA:20,4
DA:22,0
DA:28,1
DA:29,1
LF:12
LH:11
BRDA:3,0,0,1
BRDA:3,0,1,1
BRDA:19,1,0,4
BRDA:19,1,1,0
BRF:4
BRH:3
end_of_record
TN:
SF:src/tpcol/schedule_student/schedule_page.ts
FN:16,(anonymous_7)
FN:18,(anonymous_8)
FN:20,(anonymous_9)
FN:29,(anonymous_10)
FN:34,(anonymous_11)
FN:43,(anonymous_12)
FN:46,(anonymous_13)
FNF:7
FNH:7
FNDA:4,(anonymous_7)
FNDA:4,(anonymous_8)
FNDA:4,(anonymous_9)
FNDA:4,(anonymous_10)
FNDA:16,(anonymous_11)
FNDA:4,(anonymous_12)
FNDA:4,(anonymous_13)
DA:1,1
DA:2,1
DA:6,4
DA:8,4
DA:10,4
DA:17,4
DA:18,4
DA:19,4
DA:21,4
DA:22,4
DA:23,4
DA:30,4
DA:34,4
DA:35,16
DA:36,8
DA:37,8
DA:38,8
DA:46,4
DA:47,4
DA:52,4
DA:57,1
LF:21
LH:21
BRDA:35,0,0,8
BRDA:35,0,1,8
BRDA:36,1,0,4
BRDA:36,1,1,4
BRDA:37,2,0,4
BRDA:37,2,1,4
BRDA:38,3,0,8
BRDA:38,3,1,0
BRF:8
BRH:7
end_of_record
